<?xml version="1.0" encoding="utf-8"?><testsuites name="pytest tests"><testsuite name="pytest" errors="0" failures="3" skipped="0" tests="13" time="3.585" timestamp="2026-02-14T10:05:25.010723+00:00" hostname="agent-env-ad233067-8969-4780-b2e6-94280aa75dad"><testcase classname="backend.tests.test_swap_api.TestHealthCheck" name="test_health_returns_200" time="0.121" /><testcase classname="backend.tests.test_swap_api.TestHealthCheck" name="test_health_returns_swap_api_name" time="0.103" /><testcase classname="backend.tests.test_swap_api.TestLifiChains" name="test_chains_returns_200" time="0.197" /><testcase classname="backend.tests.test_swap_api.TestLifiChains" name="test_chains_returns_list" time="0.182" /><testcase classname="backend.tests.test_swap_api.TestLifiChains" name="test_chains_includes_ethereum" time="0.181" /><testcase classname="backend.tests.test_swap_api.TestLifiChains" name="test_chains_includes_solana" time="0.172"><failure message="AssertionError: Solana should be in chains list&#10;assert 1151111081099710 in [1, 42161, 8453, 1337, 999, 143, ...]">backend/tests/test_swap_api.py:61: in test_chains_includes_solana
    assert SOLANA_CHAIN_ID in chain_ids, "Solana should be in chains list"
E   AssertionError: Solana should be in chains list
E   assert 1151111081099710 in [1, 42161, 8453, 1337, 999, 143, ...]</failure></testcase><testcase classname="backend.tests.test_swap_api.TestLifiTokens" name="test_tokens_returns_200" time="0.648" /><testcase classname="backend.tests.test_swap_api.TestLifiTokens" name="test_tokens_returns_dict" time="0.685" /><testcase classname="backend.tests.test_swap_api.TestLifiTokens" name="test_tokens_filter_by_chain" time="0.434" /><testcase classname="backend.tests.test_swap_api.TestTransactionCRUD" name="test_create_transaction" time="0.116"><failure message="AssertionError: assert 'TEST_0x8a847...29525ccf569b4' == 'test_0x8a847...29525ccf569b4'&#10;  &#10;  - test_0x8a8477c3efdd4890a4429525ccf569b4&#10;  ? ^^^^&#10;  + TEST_0x8a8477c3efdd4890a4429525ccf569b4&#10;  ? ^^^^">backend/tests/test_swap_api.py:114: in test_create_transaction
    assert data["wallet_address"] == test_wallet_address.lower()
E   AssertionError: assert 'TEST_0x8a847...29525ccf569b4' == 'test_0x8a847...29525ccf569b4'
E     
E     - test_0x8a8477c3efdd4890a4429525ccf569b4
E     ? ^^^^
E     + TEST_0x8a8477c3efdd4890a4429525ccf569b4
E     ? ^^^^</failure></testcase><testcase classname="backend.tests.test_swap_api.TestTransactionCRUD" name="test_get_transactions_by_wallet" time="0.210"><failure message="assert 0 &gt;= 1&#10; +  where 0 = len([])">backend/tests/test_swap_api.py:143: in test_get_transactions_by_wallet
    assert len(data) &gt;= 1
E   assert 0 &gt;= 1
E    +  where 0 = len([])</failure></testcase><testcase classname="backend.tests.test_swap_api.TestTransactionCRUD" name="test_update_transaction_status" time="0.204" /><testcase classname="backend.tests.test_swap_api.TestTransactionCRUD" name="test_get_single_transaction" time="0.198" /></testsuite></testsuites>