<?xml version="1.0" encoding="utf-8"?><testsuites name="pytest tests"><testsuite name="pytest" errors="0" failures="0" skipped="1" tests="13" time="3.825" timestamp="2026-02-14T10:08:09.694500+00:00" hostname="agent-env-ad233067-8969-4780-b2e6-94280aa75dad"><testcase classname="backend.tests.test_swap_api.TestHealthCheck" name="test_health_returns_200" time="0.254" /><testcase classname="backend.tests.test_swap_api.TestHealthCheck" name="test_health_returns_swap_api_name" time="0.112" /><testcase classname="backend.tests.test_swap_api.TestLifiChains" name="test_chains_returns_200" time="0.235" /><testcase classname="backend.tests.test_swap_api.TestLifiChains" name="test_chains_returns_list" time="0.204" /><testcase classname="backend.tests.test_swap_api.TestLifiChains" name="test_chains_includes_ethereum" time="0.187" /><testcase classname="backend.tests.test_swap_api.TestLifiChains" name="test_chains_includes_solana" time="0.172"><skipped type="pytest.skip" message="Solana is added as custom chain in frontend, not from LI.FI API">/app/backend/tests/test_swap_api.py:66: Solana is added as custom chain in frontend, not from LI.FI API</skipped></testcase><testcase classname="backend.tests.test_swap_api.TestLifiTokens" name="test_tokens_returns_200" time="0.603" /><testcase classname="backend.tests.test_swap_api.TestLifiTokens" name="test_tokens_returns_dict" time="0.650" /><testcase classname="backend.tests.test_swap_api.TestLifiTokens" name="test_tokens_filter_by_chain" time="0.338" /><testcase classname="backend.tests.test_swap_api.TestTransactionCRUD" name="test_create_transaction" time="0.111" /><testcase classname="backend.tests.test_swap_api.TestTransactionCRUD" name="test_get_transactions_by_wallet" time="0.219" /><testcase classname="backend.tests.test_swap_api.TestTransactionCRUD" name="test_update_transaction_status" time="0.478" /><testcase classname="backend.tests.test_swap_api.TestTransactionCRUD" name="test_get_single_transaction" time="0.200" /></testsuite></testsuites>