<?xml version="1.0" encoding="utf-8"?><testsuites name="pytest tests"><testsuite name="pytest" errors="0" failures="0" skipped="0" tests="12" time="3.741" timestamp="2026-02-14T10:55:33.938748+00:00" hostname="agent-env-ad233067-8969-4780-b2e6-94280aa75dad"><testcase classname="backend.tests.test_tron_swap_api.TestHealthCheck" name="test_health_endpoint" time="0.143" /><testcase classname="backend.tests.test_tron_swap_api.TestTronSwapCreate" name="test_create_trx_to_sol_swap" time="0.264" /><testcase classname="backend.tests.test_tron_swap_api.TestTronSwapCreate" name="test_create_usdt_to_eth_swap" time="0.403" /><testcase classname="backend.tests.test_tron_swap_api.TestTronSwapCreate" name="test_create_swap_missing_fields" time="0.101" /><testcase classname="backend.tests.test_tron_swap_api.TestTronSwapEstimate" name="test_estimate_trx_to_sol_usdc" time="0.349" /><testcase classname="backend.tests.test_tron_swap_api.TestTronSwapEstimate" name="test_estimate_usdt_to_eth" time="0.143" /><testcase classname="backend.tests.test_tron_swap_api.TestTronSwapEstimate" name="test_estimate_invalid_amount" time="0.102" /><testcase classname="backend.tests.test_tron_swap_api.TestTronSwapStatus" name="test_get_order_status" time="0.226" /><testcase classname="backend.tests.test_tron_swap_api.TestTronSwapStatus" name="test_get_nonexistent_order" time="0.102" /><testcase classname="backend.tests.test_tron_swap_api.TestTronOrders" name="test_get_user_orders" time="0.238" /><testcase classname="backend.tests.test_tron_swap_api.TestLifiIntegration" name="test_lifi_chains" time="0.240" /><testcase classname="backend.tests.test_tron_swap_api.TestLifiIntegration" name="test_lifi_tokens" time="1.363" /></testsuite></testsuites>