<?xml version="1.0" encoding="utf-8"?><testsuites name="pytest tests"><testsuite name="pytest" errors="0" failures="0" skipped="0" tests="14" time="3.075" timestamp="2026-02-15T10:00:28.122455+00:00" hostname="agent-env-0acfa435-6831-4290-8f45-c0489c61b8cf"><testcase classname="backend.tests.test_rhino_bridge.TestHealthCheck" name="test_health_endpoint" time="0.166" /><testcase classname="backend.tests.test_rhino_bridge.TestBridgeConfigs" name="test_get_bridge_configs" time="0.180" /><testcase classname="backend.tests.test_rhino_bridge.TestBridgeQuote" name="test_tron_to_solana_usdt_to_usdc_quote" time="0.503" /><testcase classname="backend.tests.test_rhino_bridge.TestBridgeQuote" name="test_tron_to_solana_usdt_to_usdt_quote" time="0.311" /><testcase classname="backend.tests.test_rhino_bridge.TestBridgeQuote" name="test_solana_to_tron_quote" time="0.367" /><testcase classname="backend.tests.test_rhino_bridge.TestBridgeQuote" name="test_invalid_address_returns_error" time="0.232" /><testcase classname="backend.tests.test_rhino_bridge.TestBridgeQuote" name="test_non_tron_route_uses_lifi" time="0.116" /><testcase classname="backend.tests.test_rhino_bridge.TestBridgeProvider" name="test_tron_route_uses_rhino" time="0.106" /><testcase classname="backend.tests.test_rhino_bridge.TestBridgeProvider" name="test_solana_route_uses_rhino" time="0.097" /><testcase classname="backend.tests.test_rhino_bridge.TestBridgeProvider" name="test_evm_route_uses_lifi" time="0.098" /><testcase classname="backend.tests.test_rhino_bridge.TestLifiEndpoints" name="test_get_chains" time="0.264" /><testcase classname="backend.tests.test_rhino_bridge.TestLifiEndpoints" name="test_get_tokens" time="0.371" /><testcase classname="backend.tests.test_rhino_bridge.TestTransactionHistory" name="test_create_transaction" time="0.100" /><testcase classname="backend.tests.test_rhino_bridge.TestTransactionHistory" name="test_get_transactions" time="0.097" /></testsuite></testsuites>